2017-10-28 23:48:06,439 > ERROR > cis_sw_int
Traceback (most recent call last):
  File "/home/networksnap/div/network_snap/nmv1.py", line 159, in cisco_switch
    cmd = "show interface "+in_
TypeError: cannot concatenate 'str' and 'NoneType' objects
2017-10-28 23:48:06,441 > ERROR > cis_sw_int
Traceback (most recent call last):
  File "/home/networksnap/div/network_snap/nmv1.py", line 159, in cisco_switch
    cmd = "show interface "+in_
TypeError: cannot concatenate 'str' and 'NoneType' objects
2017-10-28 23:48:06,483 > ERROR > cis_sw_int
Traceback (most recent call last):
  File "/home/networksnap/div/network_snap/nmv1.py", line 159, in cisco_switch
    cmd = "show interface "+in_
TypeError: cannot concatenate 'str' and 'NoneType' objects
2017-10-28 23:48:06,485 > ERROR > cis_sw_int
Traceback (most recent call last):
  File "/home/networksnap/div/network_snap/nmv1.py", line 159, in cisco_switch
    cmd = "show interface "+in_
TypeError: cannot concatenate 'str' and 'NoneType' objects
2017-10-29 00:14:45,389 > ERROR > cis_sw_int
Traceback (most recent call last):
  File "/home/networksnap/div/network_snap/nmv1.py", line 159, in cisco_switch
    cmd = "show interface "+in_
TypeError: cannot concatenate 'str' and 'NoneType' objects
2017-10-29 00:14:45,394 > ERROR > cis_sw_int
Traceback (most recent call last):
  File "/home/networksnap/div/network_snap/nmv1.py", line 159, in cisco_switch
    cmd = "show interface "+in_
TypeError: cannot concatenate 'str' and 'NoneType' objects
2017-10-29 00:14:45,397 > ERROR > cis_sw_int
Traceback (most recent call last):
  File "/home/networksnap/div/network_snap/nmv1.py", line 159, in cisco_switch
    cmd = "show interface "+in_
TypeError: cannot concatenate 'str' and 'NoneType' objects
2017-10-29 00:14:45,399 > ERROR > cis_sw_int
Traceback (most recent call last):
  File "/home/networksnap/div/network_snap/nmv1.py", line 159, in cisco_switch
    cmd = "show interface "+in_
TypeError: cannot concatenate 'str' and 'NoneType' objects
2017-10-29 00:25:09,096 > ERROR > cis_sw_int
Traceback (most recent call last):
  File "/home/networksnap/div/network_snap/nmv1.py", line 159, in cisco_switch
    cmd = "show interface "+in_
TypeError: cannot concatenate 'str' and 'NoneType' objects
2017-10-29 00:25:09,100 > ERROR > cis_sw_int
Traceback (most recent call last):
  File "/home/networksnap/div/network_snap/nmv1.py", line 159, in cisco_switch
    cmd = "show interface "+in_
TypeError: cannot concatenate 'str' and 'NoneType' objects
2017-10-29 00:25:09,185 > ERROR > cis_sw_int
Traceback (most recent call last):
  File "/home/networksnap/div/network_snap/nmv1.py", line 159, in cisco_switch
    cmd = "show interface "+in_
TypeError: cannot concatenate 'str' and 'NoneType' objects
2017-10-29 00:25:09,187 > ERROR > cis_sw_int
Traceback (most recent call last):
  File "/home/networksnap/div/network_snap/nmv1.py", line 159, in cisco_switch
    cmd = "show interface "+in_
TypeError: cannot concatenate 'str' and 'NoneType' objects
2017-10-29 00:37:55,546 > ERROR > cis_sw_int
Traceback (most recent call last):
  File "/home/networksnap/div/network_snap/nmv1.py", line 161, in cisco_switch
    cmd = "show interface "+in_
TypeError: cannot concatenate 'str' and 'NoneType' objects
2017-10-29 00:37:55,548 > ERROR > cis_sw_int
Traceback (most recent call last):
  File "/home/networksnap/div/network_snap/nmv1.py", line 161, in cisco_switch
    cmd = "show interface "+in_
TypeError: cannot concatenate 'str' and 'NoneType' objects
2017-10-29 00:37:55,634 > ERROR > cis_sw_int
Traceback (most recent call last):
  File "/home/networksnap/div/network_snap/nmv1.py", line 161, in cisco_switch
    cmd = "show interface "+in_
TypeError: cannot concatenate 'str' and 'NoneType' objects
2017-10-29 00:37:55,637 > ERROR > cis_sw_int
Traceback (most recent call last):
  File "/home/networksnap/div/network_snap/nmv1.py", line 161, in cisco_switch
    cmd = "show interface "+in_
TypeError: cannot concatenate 'str' and 'NoneType' objects
2017-10-29 00:39:10,707 > ERROR > cis_sw_int
Traceback (most recent call last):
  File "/home/networksnap/div/network_snap/nmv1.py", line 159, in cisco_switch
    cmd = "show interface "+in_
TypeError: cannot concatenate 'str' and 'NoneType' objects
2017-10-29 00:39:10,709 > ERROR > cis_sw_int
Traceback (most recent call last):
  File "/home/networksnap/div/network_snap/nmv1.py", line 159, in cisco_switch
    cmd = "show interface "+in_
TypeError: cannot concatenate 'str' and 'NoneType' objects
2017-10-29 00:39:10,712 > ERROR > cis_sw_int
Traceback (most recent call last):
  File "/home/networksnap/div/network_snap/nmv1.py", line 159, in cisco_switch
    cmd = "show interface "+in_
TypeError: cannot concatenate 'str' and 'NoneType' objects
2017-10-29 00:39:10,715 > ERROR > cis_sw_int
Traceback (most recent call last):
  File "/home/networksnap/div/network_snap/nmv1.py", line 159, in cisco_switch
    cmd = "show interface "+in_
TypeError: cannot concatenate 'str' and 'NoneType' objects
2017-11-09 12:03:53,974 > INFO > Starting MonitoringEngine
2017-11-09 12:05:13,486 > INFO > Starting MonitoringEngine
2017-11-09 12:05:34,063 > INFO > Starting MonitoringEngine
2017-11-09 12:05:57,669 > INFO > Starting MonitoringEngine
2017-11-09 12:06:07,234 > INFO > Starting MonitoringEngine
2017-11-09 12:06:23,790 > INFO > Starting MonitoringEngine
2017-11-09 12:06:33,353 > INFO > Starting MonitoringEngine
2017-11-09 12:06:39,924 > INFO > Starting MonitoringEngine
2017-11-09 12:06:52,463 > INFO > Starting MonitoringEngine
2017-11-09 12:07:28,000 > INFO > Starting MonitoringEngine
2017-11-09 12:07:33,509 > INFO > Starting MonitoringEngine
2017-11-09 12:07:54,996 > INFO > Starting MonitoringEngine
2017-11-09 12:08:08,478 > INFO > Starting MonitoringEngine
2017-11-09 12:08:36,995 > INFO > Starting MonitoringEngine
2017-11-09 12:09:25,164 > INFO > Starting MonitoringEngine
2017-11-09 12:09:48,779 > INFO > Starting MonitoringEngine
2017-11-09 12:09:52,349 > INFO > Starting MonitoringEngine
2017-11-09 12:10:37,017 > INFO > Starting MonitoringEngine
2017-11-09 12:10:57,621 > INFO > Starting MonitoringEngine
2017-11-09 12:12:01,721 > INFO > Starting MonitoringEngine
2017-11-09 12:13:32,425 > INFO > Starting MonitoringEngine
2017-11-09 12:14:03,957 > INFO > Starting MonitoringEngine
2017-11-09 12:18:19,135 > INFO > Starting MonitoringEngine
2017-11-09 12:18:21,012 > INFO > Starting MonitoringEngine
2017-11-09 12:19:53,323 > INFO > Starting MonitoringEngine
2017-11-09 12:20:07,277 > INFO > Starting MonitoringEngine
2017-11-09 12:20:09,177 > INFO > Starting MonitoringEngine
2017-11-09 12:20:43,937 > INFO > Scoring Object Insiated...
2017-11-09 12:20:44,000 > INFO > getting ssh session
2017-11-09 12:20:44,000 > INFO > Trying to Login:10.1.1.1
2017-11-09 12:20:44,099 > INFO > Special gredential not found , Getting Default gredential for 10.1.1.3
2017-11-09 12:20:44,099 > INFO > getting ssh session
2017-11-09 12:20:44,099 > INFO > Trying to Login:10.1.1.3
2017-11-09 12:20:44,122 > INFO > getting ssh session
2017-11-09 12:20:44,125 > INFO > Trying to Login:10.1.1.2
2017-11-09 12:20:45,193 > INFO > Login Error>Could not establish connection to host:10.1.1.1
2017-11-09 12:20:45,193 > INFO > Failed >GNS_H1 10.1.1.1 Reasion>TIMEOUT
2017-11-09 12:20:45,193 > INFO > getting snmp session
2017-11-09 12:20:45,193 > INFO > {'security_username': 'NPCI_NFS_NMSV3', 'auth_password': 'npcinfsnms', 'version': 3, 'hostname': u'10.1.1.1', 'security_level': 'auth_without_privacy'}
2017-11-09 12:20:45,212 > INFO > getting snmp success
2017-11-09 12:21:05,237 > INFO > Failed >GNS_H3 10.1.1.3 Reasion>TIMEOUT
2017-11-09 12:21:05,237 > INFO > getting snmp session
2017-11-09 12:21:05,237 > INFO > {'security_username': 'NPCI_NFS_NMSV3', 'auth_password': 'npcinfsnms', 'version': 3, 'hostname': u'10.1.1.3', 'security_level': 'auth_without_privacy'}
2017-11-09 12:21:05,256 > INFO > Failed >GNS_H2 10.1.1.2 Reasion>TIMEOUT
2017-11-09 12:21:05,256 > INFO > getting snmp session
2017-11-09 12:21:05,256 > INFO > {'version': 3, 'security_level': 'auth_without_privacy', 'security_username': 'NPCI_NFS_NMSV3', 'auth_password': 'npcinfsnms', 'hostname': u'10.1.1.2'}
2017-11-09 12:21:05,256 > INFO > getting snmp success
2017-11-09 12:21:05,305 > INFO > getting snmp success
2017-11-09 12:21:05,361 > INFO > Scoring Started
2017-11-09 12:21:05,407 > DEBUG > Mongo search score for:7
2017-11-09 12:21:05,408 > DEBUG > mongo_search_score > Starting score for > 10.1.1.1
2017-11-09 12:21:05,408 > DEBUG > mongo_search_score > searching DB for:{'IP': u'10.1.1.1', 'INID': 7, 'Objects': {'$elemMatch': {'out.ssh': {'$ne': 'reachable'}, 'id': 0}}}
2017-11-09 12:21:05,409 > DEBUG > mongo_search_score > Pattern Matched
2017-11-09 12:21:05,410 > DEBUG > mongo_search_score > updating score >({'IP': u'10.1.1.1', 'INID': 7, 'Objects': {'$elemMatch': {'out.ssh': {'$ne': 'reachable'}, 'id': 0}}}, {'$set': {'Objects.$.score': 0}})
2017-11-09 12:21:05,411 > DEBUG > mongo_search_score > searching DB for:{'IP': u'10.1.1.1', 'INID': 7, 'Objects': {'$elemMatch': {'out.ssh': 'reachable', 'id': 0}}}
2017-11-09 12:21:05,412 > DEBUG > mongo_search_score > Pattern Not matched
2017-11-09 12:21:05,412 > DEBUG > mongo_search_score > Starting score for > 10.1.1.3
2017-11-09 12:21:05,412 > DEBUG > mongo_search_score > searching DB for:{'IP': u'10.1.1.3', 'INID': 7, 'Objects': {'$elemMatch': {'out.ssh': {'$ne': 'reachable'}, 'id': 0}}}
2017-11-09 12:21:05,413 > DEBUG > mongo_search_score > Pattern Matched
2017-11-09 12:21:05,414 > DEBUG > mongo_search_score > updating score >({'IP': u'10.1.1.3', 'INID': 7, 'Objects': {'$elemMatch': {'out.ssh': {'$ne': 'reachable'}, 'id': 0}}}, {'$set': {'Objects.$.score': 0}})
2017-11-09 12:21:05,415 > DEBUG > mongo_search_score > searching DB for:{'IP': u'10.1.1.3', 'INID': 7, 'Objects': {'$elemMatch': {'out.ssh': 'reachable', 'id': 0}}}
2017-11-09 12:21:05,416 > DEBUG > mongo_search_score > Pattern Not matched
2017-11-09 12:21:05,416 > DEBUG > mongo_search_score > Starting score for > 10.1.1.2
2017-11-09 12:21:05,416 > DEBUG > mongo_search_score > searching DB for:{'IP': u'10.1.1.2', 'INID': 7, 'Objects': {'$elemMatch': {'out.ssh': {'$ne': 'reachable'}, 'id': 0}}}
2017-11-09 12:21:05,417 > DEBUG > mongo_search_score > Pattern Matched
2017-11-09 12:21:05,417 > DEBUG > mongo_search_score > updating score >({'IP': u'10.1.1.2', 'INID': 7, 'Objects': {'$elemMatch': {'out.ssh': {'$ne': 'reachable'}, 'id': 0}}}, {'$set': {'Objects.$.score': 0}})
2017-11-09 12:21:05,418 > DEBUG > mongo_search_score > searching DB for:{'IP': u'10.1.1.2', 'INID': 7, 'Objects': {'$elemMatch': {'out.ssh': 'reachable', 'id': 0}}}
2017-11-09 12:21:05,419 > DEBUG > mongo_search_score > Pattern Not matched
2017-11-09 12:21:05,420 > INFO > Scoring Completed
